# JRE version: 7.0_07-b11
# Java VM: Java HotSpot(TM) 64-Bit Server VM (23.3-b01 mixed mode windows-amd64 compressed oops)
Heap
 PSYoungGen      total 347712K, used 173824K [0x00000000e02b0000, 0x0000000100000000, 0x0000000100000000)
  eden space 173888K, 0% used [0x00000000e02b0000,0x00000000e02b0000,0x00000000eac80000)
  from space 173824K, 100% used [0x00000000eac80000,0x00000000f5640000,0x00000000f5640000)
  to   space 173824K, 0% used [0x00000000f5640000,0x00000000f5640000,0x0000000100000000)
 ParOldGen       total 1043136K, used 867952K [0x00000000a0800000, 0x00000000e02b0000, 0x00000000e02b0000)
  object space 1043136K, 83% used [0x00000000a0800000,0x00000000d579c1b0,0x00000000e02b0000)
 PSPermGen       total 21248K, used 3231K [0x000000009b600000, 0x000000009cac0000, 0x00000000a0800000)
  object space 21248K, 15% used [0x000000009b600000,0x000000009b927f98,0x000000009cac0000)
GC Heap History (10 events):
Event: 4426.932 GC heap after
Heap after GC invocations=58 (full 13):
 PSYoungGen      total 347712K, used 0K [0x00000000e02b0000, 0x0000000100000000, 0x0000000100000000)
  eden space 173888K, 0% used [0x00000000e02b0000,0x00000000e02b0000,0x00000000eac80000)
  from space 173824K, 0% used [0x00000000eac80000,0x00000000eac80000,0x00000000f5640000)
  to   space 173824K, 0% used [0x00000000f5640000,0x00000000f5640000,0x0000000100000000)
 ParOldGen       total 1043136K, used 531858K [0x00000000a0800000, 0x00000000e02b0000, 0x00000000e02b0000)
  object space 1043136K, 50% used [0x00000000a0800000,0x00000000c0f649a0,0x00000000e02b0000)
 PSPermGen       total 21248K, used 3231K [0x000000009b600000, 0x000000009cac0000, 0x00000000a0800000)
  object space 21248K, 15% used [0x000000009b600000,0x000000009b927f98,0x000000009cac0000)
}
Event: 4427.408 GC heap before
{Heap before GC invocations=59 (full 13):
 PSYoungGen      total 347712K, used 173888K [0x00000000e02b0000, 0x0000000100000000, 0x0000000100000000)
  eden space 173888K, 100% used [0x00000000e02b0000,0x00000000eac80000,0x00000000eac80000)
  from space 173824K, 0% used [0x00000000eac80000,0x00000000eac80000,0x00000000f5640000)
  to   space 173824K, 0% used [0x00000000f5640000,0x00000000f5640000,0x0000000100000000)
 ParOldGen       total 1043136K, used 531858K [0x00000000a0800000, 0x00000000e02b0000, 0x00000000e02b0000)
  object space 1043136K, 50% used [0x00000000a0800000,0x00000000c0f649a0,0x00000000e02b0000)
 PSPermGen       total 21248K, used 3231K [0x000000009b600000, 0x000000009cac0000, 0x00000000a0800000)
  object space 21248K, 15% used [0x000000009b600000,0x000000009b927f98,0x000000009cac0000)
Event: 4428.729 GC heap after
Heap after GC invocations=59 (full 13):
 PSYoungGen      total 347712K, used 173824K [0x00000000e02b0000, 0x0000000100000000, 0x0000000100000000)
  eden space 173888K, 0% used [0x00000000e02b0000,0x00000000e02b0000,0x00000000eac80000)
  from space 173824K, 100% used [0x00000000f5640000,0x0000000100000000,0x0000000100000000)
  to   space 173824K, 0% used [0x00000000eac80000,0x00000000eac80000,0x00000000f5640000)
 ParOldGen       total 1043136K, used 532162K [0x00000000a0800000, 0x00000000e02b0000, 0x00000000e02b0000)
  object space 1043136K, 51% used [0x00000000a0800000,0x00000000c0fb09a0,0x00000000e02b0000)
 PSPermGen       total 21248K, used 3231K [0x000000009b600000, 0x000000009cac0000, 0x00000000a0800000)
  object space 21248K, 15% used [0x000000009b600000,0x000000009b927f98,0x000000009cac0000)
}
Event: 4443.184 GC heap before
{Heap before GC invocations=60 (full 13):
 PSYoungGen      total 347712K, used 347712K [0x00000000e02b0000, 0x0000000100000000, 0x0000000100000000)
  eden space 173888K, 100% used [0x00000000e02b0000,0x00000000eac80000,0x00000000eac80000)
  from space 173824K, 100% used [0x00000000f5640000,0x0000000100000000,0x0000000100000000)
  to   space 173824K, 0% used [0x00000000eac80000,0x00000000eac80000,0x00000000f5640000)
 ParOldGen       total 1043136K, used 532162K [0x00000000a0800000, 0x00000000e02b0000, 0x00000000e02b0000)
  object space 1043136K, 51% used [0x00000000a0800000,0x00000000c0fb09a0,0x00000000e02b0000)
 PSPermGen       total 21248K, used 3231K [0x000000009b600000, 0x000000009cac0000, 0x00000000a0800000)
  object space 21248K, 15% used [0x000000009b600000,0x000000009b927f98,0x000000009cac0000)
Event: 4443.717 GC heap after
Heap after GC invocations=60 (full 13):
 PSYoungGen      total 347712K, used 160758K [0x00000000e02b0000, 0x0000000100000000, 0x0000000100000000)
  eden space 173888K, 0% used [0x00000000e02b0000,0x00000000e02b0000,0x00000000eac80000)
  from space 173824K, 92% used [0x00000000eac80000,0x00000000f497d810,0x00000000f5640000)
  to   space 173824K, 0% used [0x00000000f5640000,0x00000000f5640000,0x0000000100000000)
 ParOldGen       total 1043136K, used 532162K [0x00000000a0800000, 0x00000000e02b0000, 0x00000000e02b0000)
  object space 1043136K, 51% used [0x00000000a0800000,0x00000000c0fb09a0,0x00000000e02b0000)
 PSPermGen       total 21248K, used 3231K [0x000000009b600000, 0x000000009cac0000, 0x00000000a0800000)
  object space 21248K, 15% used [0x000000009b600000,0x000000009b927f98,0x000000009cac0000)
}
Event: 4444.198 GC heap before
{Heap before GC invocations=61 (full 13):
 PSYoungGen      total 347712K, used 334646K [0x00000000e02b0000, 0x0000000100000000, 0x0000000100000000)
  eden space 173888K, 100% used [0x00000000e02b0000,0x00000000eac80000,0x00000000eac80000)
  from space 173824K, 92% used [0x00000000eac80000,0x00000000f497d810,0x00000000f5640000)
  to   space 173824K, 0% used [0x00000000f5640000,0x00000000f5640000,0x0000000100000000)
 ParOldGen       total 1043136K, used 532162K [0x00000000a0800000, 0x00000000e02b0000, 0x00000000e02b0000)
  object space 1043136K, 51% used [0x00000000a0800000,0x00000000c0fb09a0,0x00000000e02b0000)
 PSPermGen       total 21248K, used 3231K [0x000000009b600000, 0x000000009cac0000, 0x00000000a0800000)
  object space 21248K, 15% used [0x000000009b600000,0x000000009b927f98,0x000000009cac0000)
Event: 4445.383 GC heap after
Heap after GC invocations=61 (full 13):
 PSYoungGen      total 347712K, used 173824K [0x00000000e02b0000, 0x0000000100000000, 0x0000000100000000)
  eden space 173888K, 0% used [0x00000000e02b0000,0x00000000e02b0000,0x00000000eac80000)
  from space 173824K, 100% used [0x00000000f5640000,0x0000000100000000,0x0000000100000000)
  to   space 173824K, 0% used [0x00000000eac80000,0x00000000eac80000,0x00000000f5640000)
 ParOldGen       total 1043136K, used 693296K [0x00000000a0800000, 0x00000000e02b0000, 0x00000000e02b0000)
  object space 1043136K, 66% used [0x00000000a0800000,0x00000000cad0c1b0,0x00000000e02b0000)
 PSPermGen       total 21248K, used 3231K [0x000000009b600000, 0x000000009cac0000, 0x00000000a0800000)
  object space 21248K, 15% used [0x000000009b600000,0x000000009b927f98,0x000000009cac0000)
}
Event: 4445.880 GC heap before
{Heap before GC invocations=62 (full 13):
 PSYoungGen      total 347712K, used 347712K [0x00000000e02b0000, 0x0000000100000000, 0x0000000100000000)
  eden space 173888K, 100% used [0x00000000e02b0000,0x00000000eac80000,0x00000000eac80000)
  from space 173824K, 100% used [0x00000000f5640000,0x0000000100000000,0x0000000100000000)
  to   space 173824K, 0% used [0x00000000eac80000,0x00000000eac80000,0x00000000f5640000)
 ParOldGen       total 1043136K, used 693296K [0x00000000a0800000, 0x00000000e02b0000, 0x00000000e02b0000)
  object space 1043136K, 66% used [0x00000000a0800000,0x00000000cad0c1b0,0x00000000e02b0000)
 PSPermGen       total 21248K, used 3231K [0x000000009b600000, 0x000000009cac0000, 0x00000000a0800000)
  object space 21248K, 15% used [0x000000009b600000,0x000000009b927f98,0x000000009cac0000)
Event: 4449.069 GC heap after
Heap after GC invocations=62 (full 13):
 PSYoungGen      total 347712K, used 173824K [0x00000000e02b0000, 0x0000000100000000, 0x0000000100000000)
  eden space 173888K, 0% used [0x00000000e02b0000,0x00000000e02b0000,0x00000000eac80000)
  from space 173824K, 100% used [0x00000000eac80000,0x00000000f5640000,0x00000000f5640000)
  to   space 173824K, 0% used [0x00000000f5640000,0x00000000f5640000,0x0000000100000000)
 ParOldGen       total 1043136K, used 867952K [0x00000000a0800000, 0x00000000e02b0000, 0x00000000e02b0000)
  object space 1043136K, 83% used [0x00000000a0800000,0x00000000d579c1b0,0x00000000e02b0000)
 PSPermGen       total 21248K, used 3231K [0x000000009b600000, 0x000000009cac0000, 0x00000000a0800000)
  object space 21248K, 15% used [0x000000009b600000,0x000000009b927f98,0x000000009cac0000)
}
Event: 4449.069 GC heap before
{Heap before GC invocations=63 (full 14):
 PSYoungGen      total 347712K, used 173824K [0x00000000e02b0000, 0x0000000100000000, 0x0000000100000000)
  eden space 173888K, 0% used [0x00000000e02b0000,0x00000000e02b0000,0x00000000eac80000)
  from space 173824K, 100% used [0x00000000eac80000,0x00000000f5640000,0x00000000f5640000)
  to   space 173824K, 0% used [0x00000000f5640000,0x00000000f5640000,0x0000000100000000)
 ParOldGen       total 1043136K, used 867952K [0x00000000a0800000, 0x00000000e02b0000, 0x00000000e02b0000)
  object space 1043136K, 83% used [0x00000000a0800000,0x00000000d579c1b0,0x00000000e02b0000)
 PSPermGen       total 21248K, used 3231K [0x000000009b600000, 0x000000009cac0000, 0x00000000a0800000)
  object space 21248K, 15% used [0x000000009b600000,0x000000009b927f98,0x000000009cac0000)

