# JRE version: 7.0_07-b11
# Java VM: Java HotSpot(TM) 64-Bit Server VM (23.3-b01 mixed mode windows-amd64 compressed oops)
Heap
 PSYoungGen      total 314432K, used 313847K [0x00000000e02b0000, 0x0000000100000000, 0x0000000100000000)
  eden space 313600K, 100% used [0x00000000e02b0000,0x00000000f34f0000,0x00000000f34f0000)
  from space 832K, 29% used [0x00000000f34f0000,0x00000000f352df60,0x00000000f35c0000)
  to   space 42688K, 99% used [0x00000000fd650000,0x00000000ffffbd50,0x0000000100000000)
 ParOldGen       total 200448K, used 178211K [0x00000000a0800000, 0x00000000acbc0000, 0x00000000e02b0000)
  object space 200448K, 88% used [0x00000000a0800000,0x00000000ab608c08,0x00000000acbc0000)
 PSPermGen       total 21248K, used 3260K [0x000000009b600000, 0x000000009cac0000, 0x00000000a0800000)
  object space 21248K, 15% used [0x000000009b600000,0x000000009b92f188,0x000000009cac0000)
GC Heap History (10 events):
Event: 2.627 GC heap after
Heap after GC invocations=8 (full 0):
 PSYoungGen      total 196800K, used 384K [0x00000000e02b0000, 0x00000000ec3b0000, 0x0000000100000000)
  eden space 195968K, 0% used [0x00000000e02b0000,0x00000000e02b0000,0x00000000ec210000)
  from space 832K, 46% used [0x00000000ec2e0000,0x00000000ec340000,0x00000000ec3b0000)
  to   space 832K, 0% used [0x00000000ec210000,0x00000000ec210000,0x00000000ec2e0000)
 ParOldGen       total 65216K, used 590K [0x00000000a0800000, 0x00000000a47b0000, 0x00000000e02b0000)
  object space 65216K, 0% used [0x00000000a0800000,0x00000000a0893880,0x00000000a47b0000)
 PSPermGen       total 21248K, used 3135K [0x000000009b600000, 0x000000009cac0000, 0x00000000a0800000)
  object space 21248K, 14% used [0x000000009b600000,0x000000009b90ffa0,0x000000009cac0000)
}
Event: 3.162 GC heap before
{Heap before GC invocations=9 (full 0):
 PSYoungGen      total 196800K, used 196352K [0x00000000e02b0000, 0x00000000ec3b0000, 0x0000000100000000)
  eden space 195968K, 100% used [0x00000000e02b0000,0x00000000ec210000,0x00000000ec210000)
  from space 832K, 46% used [0x00000000ec2e0000,0x00000000ec340000,0x00000000ec3b0000)
  to   space 832K, 0% used [0x00000000ec210000,0x00000000ec210000,0x00000000ec2e0000)
 ParOldGen       total 65216K, used 590K [0x00000000a0800000, 0x00000000a47b0000, 0x00000000e02b0000)
  object space 65216K, 0% used [0x00000000a0800000,0x00000000a0893880,0x00000000a47b0000)
 PSPermGen       total 21248K, used 3161K [0x000000009b600000, 0x000000009cac0000, 0x00000000a0800000)
  object space 21248K, 14% used [0x000000009b600000,0x000000009b916660,0x000000009cac0000)
Event: 3.218 GC heap after
Heap after GC invocations=9 (full 0):
 PSYoungGen      total 196800K, used 624K [0x00000000e02b0000, 0x00000000f3690000, 0x0000000100000000)
  eden space 195968K, 0% used [0x00000000e02b0000,0x00000000e02b0000,0x00000000ec210000)
  from space 832K, 75% used [0x00000000ec210000,0x00000000ec2ac120,0x00000000ec2e0000)
  to   space 832K, 0% used [0x00000000f35c0000,0x00000000f35c0000,0x00000000f3690000)
 ParOldGen       total 65216K, used 702K [0x00000000a0800000, 0x00000000a47b0000, 0x00000000e02b0000)
  object space 65216K, 1% used [0x00000000a0800000,0x00000000a08af880,0x00000000a47b0000)
 PSPermGen       total 21248K, used 3161K [0x000000009b600000, 0x000000009cac0000, 0x00000000a0800000)
  object space 21248K, 14% used [0x000000009b600000,0x000000009b916660,0x000000009cac0000)
}
Event: 3.766 GC heap before
{Heap before GC invocations=10 (full 0):
 PSYoungGen      total 196800K, used 196592K [0x00000000e02b0000, 0x00000000f3690000, 0x0000000100000000)
  eden space 195968K, 100% used [0x00000000e02b0000,0x00000000ec210000,0x00000000ec210000)
  from space 832K, 75% used [0x00000000ec210000,0x00000000ec2ac120,0x00000000ec2e0000)
  to   space 832K, 0% used [0x00000000f35c0000,0x00000000f35c0000,0x00000000f3690000)
 ParOldGen       total 65216K, used 702K [0x00000000a0800000, 0x00000000a47b0000, 0x00000000e02b0000)
  object space 65216K, 1% used [0x00000000a0800000,0x00000000a08af880,0x00000000a47b0000)
 PSPermGen       total 21248K, used 3173K [0x000000009b600000, 0x000000009cac0000, 0x00000000a0800000)
  object space 21248K, 14% used [0x000000009b600000,0x000000009b919550,0x000000009cac0000)
Event: 3.768 GC heap after
Heap after GC invocations=10 (full 0):
 PSYoungGen      total 314432K, used 608K [0x00000000e02b0000, 0x00000000f3690000, 0x0000000100000000)
  eden space 313600K, 0% used [0x00000000e02b0000,0x00000000e02b0000,0x00000000f34f0000)
  from space 832K, 73% used [0x00000000f35c0000,0x00000000f3658000,0x00000000f3690000)
  to   space 832K, 0% used [0x00000000f34f0000,0x00000000f34f0000,0x00000000f35c0000)
 ParOldGen       total 65216K, used 879K [0x00000000a0800000, 0x00000000a47b0000, 0x00000000e02b0000)
  object space 65216K, 1% used [0x00000000a0800000,0x00000000a08dbc20,0x00000000a47b0000)
 PSPermGen       total 21248K, used 3173K [0x000000009b600000, 0x000000009cac0000, 0x00000000a0800000)
  object space 21248K, 14% used [0x000000009b600000,0x000000009b919550,0x000000009cac0000)
}
Event: 6.351 GC heap before
{Heap before GC invocations=11 (full 0):
 PSYoungGen      total 314432K, used 314208K [0x00000000e02b0000, 0x00000000f3690000, 0x0000000100000000)
  eden space 313600K, 100% used [0x00000000e02b0000,0x00000000f34f0000,0x00000000f34f0000)
  from space 832K, 73% used [0x00000000f35c0000,0x00000000f3658000,0x00000000f3690000)
  to   space 832K, 0% used [0x00000000f34f0000,0x00000000f34f0000,0x00000000f35c0000)
 ParOldGen       total 65216K, used 879K [0x00000000a0800000, 0x00000000a47b0000, 0x00000000e02b0000)
  object space 65216K, 1% used [0x00000000a0800000,0x00000000a08dbc20,0x00000000a47b0000)
 PSPermGen       total 21248K, used 3213K [0x000000009b600000, 0x000000009cac0000, 0x00000000a0800000)
  object space 21248K, 15% used [0x000000009b600000,0x000000009b9237c8,0x000000009cac0000)
Event: 6.702 GC heap after
Heap after GC invocations=11 (full 0):
 PSYoungGen      total 314432K, used 815K [0x00000000e02b0000, 0x0000000100000000, 0x0000000100000000)
  eden space 313600K, 0% used [0x00000000e02b0000,0x00000000e02b0000,0x00000000f34f0000)
  from space 832K, 97% used [0x00000000f34f0000,0x00000000f35bbc10,0x00000000f35c0000)
  to   space 42688K, 0% used [0x00000000fd650000,0x00000000fd650000,0x0000000100000000)
 ParOldGen       total 113984K, used 113836K [0x00000000a0800000, 0x00000000a7750000, 0x00000000e02b0000)
  object space 113984K, 99% used [0x00000000a0800000,0x00000000a772b058,0x00000000a7750000)
 PSPermGen       total 21248K, used 3213K [0x000000009b600000, 0x000000009cac0000, 0x00000000a0800000)
  object space 21248K, 15% used [0x000000009b600000,0x000000009b9237c8,0x000000009cac0000)
}
Event: 6.702 GC heap before
{Heap before GC invocations=12 (full 1):
 PSYoungGen      total 314432K, used 815K [0x00000000e02b0000, 0x0000000100000000, 0x0000000100000000)
  eden space 313600K, 0% used [0x00000000e02b0000,0x00000000e02b0000,0x00000000f34f0000)
  from space 832K, 97% used [0x00000000f34f0000,0x00000000f35bbc10,0x00000000f35c0000)
  to   space 42688K, 0% used [0x00000000fd650000,0x00000000fd650000,0x0000000100000000)
 ParOldGen       total 113984K, used 113836K [0x00000000a0800000, 0x00000000a7750000, 0x00000000e02b0000)
  object space 113984K, 99% used [0x00000000a0800000,0x00000000a772b058,0x00000000a7750000)
 PSPermGen       total 21248K, used 3213K [0x000000009b600000, 0x000000009cac0000, 0x00000000a0800000)
  object space 21248K, 15% used [0x000000009b600000,0x000000009b9237c8,0x000000009cac0000)
Event: 8.593 GC heap after
Heap after GC invocations=12 (full 1):
 PSYoungGen      total 314432K, used 247K [0x00000000e02b0000, 0x0000000100000000, 0x0000000100000000)
  eden space 313600K, 0% used [0x00000000e02b0000,0x00000000e02b0000,0x00000000f34f0000)
  from space 832K, 29% used [0x00000000f34f0000,0x00000000f352df60,0x00000000f35c0000)
  to   space 42688K, 0% used [0x00000000fd650000,0x00000000fd650000,0x0000000100000000)
 ParOldGen       total 200448K, used 113971K [0x00000000a0800000, 0x00000000acbc0000, 0x00000000e02b0000)
  object space 200448K, 56% used [0x00000000a0800000,0x00000000a774cca8,0x00000000acbc0000)
 PSPermGen       total 21248K, used 3212K [0x000000009b600000, 0x000000009cac0000, 0x00000000a0800000)
  object space 21248K, 15% used [0x000000009b600000,0x000000009b923000,0x000000009cac0000)
}
Event: 10.277 GC heap before
{Heap before GC invocations=13 (full 1):
 PSYoungGen      total 314432K, used 313847K [0x00000000e02b0000, 0x0000000100000000, 0x0000000100000000)
  eden space 313600K, 100% used [0x00000000e02b0000,0x00000000f34f0000,0x00000000f34f0000)
  from space 832K, 29% used [0x00000000f34f0000,0x00000000f352df60,0x00000000f35c0000)
  to   space 42688K, 0% used [0x00000000fd650000,0x00000000fd650000,0x0000000100000000)
 ParOldGen       total 200448K, used 113971K [0x00000000a0800000, 0x00000000acbc0000, 0x00000000e02b0000)
  object space 200448K, 56% used [0x00000000a0800000,0x00000000a774cca8,0x00000000acbc0000)
 PSPermGen       total 21248K, used 3260K [0x000000009b600000, 0x000000009cac0000, 0x00000000a0800000)
  object space 21248K, 15% used [0x000000009b600000,0x000000009b92f188,0x000000009cac0000)

