# JRE version: 7.0_07-b11
# Java VM: Java HotSpot(TM) 64-Bit Server VM (23.3-b01 mixed mode windows-amd64 compressed oops)
Heap
 PSYoungGen      total 347712K, used 173824K [0x00000000e02b0000, 0x0000000100000000, 0x0000000100000000)
  eden space 173888K, 0% used [0x00000000e02b0000,0x00000000e02b0000,0x00000000eac80000)
  from space 173824K, 100% used [0x00000000eac80000,0x00000000f5640000,0x00000000f5640000)
  to   space 173824K, 0% used [0x00000000f5640000,0x00000000f5640000,0x0000000100000000)
 ParOldGen       total 759040K, used 565595K [0x00000000a0800000, 0x00000000ced40000, 0x00000000e02b0000)
  object space 759040K, 74% used [0x00000000a0800000,0x00000000c3056d30,0x00000000ced40000)
 PSPermGen       total 21248K, used 3231K [0x000000009b600000, 0x000000009cac0000, 0x00000000a0800000)
  object space 21248K, 15% used [0x000000009b600000,0x000000009b927e18,0x000000009cac0000)
GC Heap History (10 events):
Event: 5237.733 GC heap after
Heap after GC invocations=29 (full 5):
 PSYoungGen      total 347712K, used 173824K [0x00000000e02b0000, 0x0000000100000000, 0x0000000100000000)
  eden space 173888K, 0% used [0x00000000e02b0000,0x00000000e02b0000,0x00000000eac80000)
  from space 173824K, 100% used [0x00000000f5640000,0x0000000100000000,0x0000000100000000)
  to   space 173824K, 0% used [0x00000000eac80000,0x00000000eac80000,0x00000000f5640000)
 ParOldGen       total 827136K, used 649670K [0x00000000a0800000, 0x00000000d2fc0000, 0x00000000e02b0000)
  object space 827136K, 78% used [0x00000000a0800000,0x00000000c8271b80,0x00000000d2fc0000)
 PSPermGen       total 21248K, used 3231K [0x000000009b600000, 0x000000009cac0000, 0x00000000a0800000)
  object space 21248K, 15% used [0x000000009b600000,0x000000009b927e18,0x000000009cac0000)
}
Event: 5237.733 GC heap before
{Heap before GC invocations=30 (full 6):
 PSYoungGen      total 347712K, used 173824K [0x00000000e02b0000, 0x0000000100000000, 0x0000000100000000)
  eden space 173888K, 0% used [0x00000000e02b0000,0x00000000e02b0000,0x00000000eac80000)
  from space 173824K, 100% used [0x00000000f5640000,0x0000000100000000,0x0000000100000000)
  to   space 173824K, 0% used [0x00000000eac80000,0x00000000eac80000,0x00000000f5640000)
 ParOldGen       total 827136K, used 649670K [0x00000000a0800000, 0x00000000d2fc0000, 0x00000000e02b0000)
  object space 827136K, 78% used [0x00000000a0800000,0x00000000c8271b80,0x00000000d2fc0000)
 PSPermGen       total 21248K, used 3231K [0x000000009b600000, 0x000000009cac0000, 0x00000000a0800000)
  object space 21248K, 15% used [0x000000009b600000,0x000000009b927e18,0x000000009cac0000)
Event: 5245.754 GC heap after
Heap after GC invocations=30 (full 6):
 PSYoungGen      total 347712K, used 0K [0x00000000e02b0000, 0x0000000100000000, 0x0000000100000000)
  eden space 173888K, 0% used [0x00000000e02b0000,0x00000000e02b0000,0x00000000eac80000)
  from space 173824K, 0% used [0x00000000f5640000,0x00000000f5640000,0x0000000100000000)
  to   space 173824K, 0% used [0x00000000eac80000,0x00000000eac80000,0x00000000f5640000)
 ParOldGen       total 759040K, used 391034K [0x00000000a0800000, 0x00000000ced40000, 0x00000000e02b0000)
  object space 759040K, 51% used [0x00000000a0800000,0x00000000b85deb20,0x00000000ced40000)
 PSPermGen       total 21248K, used 3231K [0x000000009b600000, 0x000000009cac0000, 0x00000000a0800000)
  object space 21248K, 15% used [0x000000009b600000,0x000000009b927e18,0x000000009cac0000)
}
Event: 5252.037 GC heap before
{Heap before GC invocations=31 (full 6):
 PSYoungGen      total 347712K, used 142567K [0x00000000e02b0000, 0x0000000100000000, 0x0000000100000000)
  eden space 173888K, 81% used [0x00000000e02b0000,0x00000000e8de9d48,0x00000000eac80000)
  from space 173824K, 0% used [0x00000000f5640000,0x00000000f5640000,0x0000000100000000)
  to   space 173824K, 0% used [0x00000000eac80000,0x00000000eac80000,0x00000000f5640000)
 ParOldGen       total 759040K, used 391034K [0x00000000a0800000, 0x00000000ced40000, 0x00000000e02b0000)
  object space 759040K, 51% used [0x00000000a0800000,0x00000000b85deb20,0x00000000ced40000)
 PSPermGen       total 21248K, used 3231K [0x000000009b600000, 0x000000009cac0000, 0x00000000a0800000)
  object space 21248K, 15% used [0x000000009b600000,0x000000009b927e18,0x000000009cac0000)
Event: 5252.144 GC heap after
Heap after GC invocations=31 (full 6):
 PSYoungGen      total 347712K, used 0K [0x00000000e02b0000, 0x0000000100000000, 0x0000000100000000)
  eden space 173888K, 0% used [0x00000000e02b0000,0x00000000e02b0000,0x00000000eac80000)
  from space 173824K, 0% used [0x00000000eac80000,0x00000000eac80000,0x00000000f5640000)
  to   space 173824K, 0% used [0x00000000f5640000,0x00000000f5640000,0x0000000100000000)
 ParOldGen       total 759040K, used 391034K [0x00000000a0800000, 0x00000000ced40000, 0x00000000e02b0000)
  object space 759040K, 51% used [0x00000000a0800000,0x00000000b85deb20,0x00000000ced40000)
 PSPermGen       total 21248K, used 3231K [0x000000009b600000, 0x000000009cac0000, 0x00000000a0800000)
  object space 21248K, 15% used [0x000000009b600000,0x000000009b927e18,0x000000009cac0000)
}
Event: 5252.524 GC heap before
{Heap before GC invocations=32 (full 6):
 PSYoungGen      total 347712K, used 173888K [0x00000000e02b0000, 0x0000000100000000, 0x0000000100000000)
  eden space 173888K, 100% used [0x00000000e02b0000,0x00000000eac80000,0x00000000eac80000)
  from space 173824K, 0% used [0x00000000eac80000,0x00000000eac80000,0x00000000f5640000)
  to   space 173824K, 0% used [0x00000000f5640000,0x00000000f5640000,0x0000000100000000)
 ParOldGen       total 759040K, used 391034K [0x00000000a0800000, 0x00000000ced40000, 0x00000000e02b0000)
  object space 759040K, 51% used [0x00000000a0800000,0x00000000b85deb20,0x00000000ced40000)
 PSPermGen       total 21248K, used 3231K [0x000000009b600000, 0x000000009cac0000, 0x00000000a0800000)
  object space 21248K, 15% used [0x000000009b600000,0x000000009b927e18,0x000000009cac0000)
Event: 5253.077 GC heap after
Heap after GC invocations=32 (full 6):
 PSYoungGen      total 347712K, used 173800K [0x00000000e02b0000, 0x0000000100000000, 0x0000000100000000)
  eden space 173888K, 0% used [0x00000000e02b0000,0x00000000e02b0000,0x00000000eac80000)
  from space 173824K, 99% used [0x00000000f5640000,0x00000000ffffa210,0x0000000100000000)
  to   space 173824K, 0% used [0x00000000eac80000,0x00000000eac80000,0x00000000f5640000)
 ParOldGen       total 759040K, used 391242K [0x00000000a0800000, 0x00000000ced40000, 0x00000000e02b0000)
  object space 759040K, 51% used [0x00000000a0800000,0x00000000b8612b20,0x00000000ced40000)
 PSPermGen       total 21248K, used 3231K [0x000000009b600000, 0x000000009cac0000, 0x00000000a0800000)
  object space 21248K, 15% used [0x000000009b600000,0x000000009b927e18,0x000000009cac0000)
}
Event: 5253.697 GC heap before
{Heap before GC invocations=33 (full 6):
 PSYoungGen      total 347712K, used 347688K [0x00000000e02b0000, 0x0000000100000000, 0x0000000100000000)
  eden space 173888K, 100% used [0x00000000e02b0000,0x00000000eac80000,0x00000000eac80000)
  from space 173824K, 99% used [0x00000000f5640000,0x00000000ffffa210,0x0000000100000000)
  to   space 173824K, 0% used [0x00000000eac80000,0x00000000eac80000,0x00000000f5640000)
 ParOldGen       total 759040K, used 391242K [0x00000000a0800000, 0x00000000ced40000, 0x00000000e02b0000)
  object space 759040K, 51% used [0x00000000a0800000,0x00000000b8612b20,0x00000000ced40000)
 PSPermGen       total 21248K, used 3231K [0x000000009b600000, 0x000000009cac0000, 0x00000000a0800000)
  object space 21248K, 15% used [0x000000009b600000,0x000000009b927e18,0x000000009cac0000)
Event: 5254.921 GC heap after
Heap after GC invocations=33 (full 6):
 PSYoungGen      total 347712K, used 173824K [0x00000000e02b0000, 0x0000000100000000, 0x0000000100000000)
  eden space 173888K, 0% used [0x00000000e02b0000,0x00000000e02b0000,0x00000000eac80000)
  from space 173824K, 100% used [0x00000000eac80000,0x00000000f5640000,0x00000000f5640000)
  to   space 173824K, 0% used [0x00000000f5640000,0x00000000f5640000,0x0000000100000000)
 ParOldGen       total 759040K, used 565595K [0x00000000a0800000, 0x00000000ced40000, 0x00000000e02b0000)
  object space 759040K, 74% used [0x00000000a0800000,0x00000000c3056d30,0x00000000ced40000)
 PSPermGen       total 21248K, used 3231K [0x000000009b600000, 0x000000009cac0000, 0x00000000a0800000)
  object space 21248K, 15% used [0x000000009b600000,0x000000009b927e18,0x000000009cac0000)
}
Event: 5254.921 GC heap before
{Heap before GC invocations=34 (full 7):
 PSYoungGen      total 347712K, used 173824K [0x00000000e02b0000, 0x0000000100000000, 0x0000000100000000)
  eden space 173888K, 0% used [0x00000000e02b0000,0x00000000e02b0000,0x00000000eac80000)
  from space 173824K, 100% used [0x00000000eac80000,0x00000000f5640000,0x00000000f5640000)
  to   space 173824K, 0% used [0x00000000f5640000,0x00000000f5640000,0x0000000100000000)
 ParOldGen       total 759040K, used 565595K [0x00000000a0800000, 0x00000000ced40000, 0x00000000e02b0000)
  object space 759040K, 74% used [0x00000000a0800000,0x00000000c3056d30,0x00000000ced40000)
 PSPermGen       total 21248K, used 3231K [0x000000009b600000, 0x000000009cac0000, 0x00000000a0800000)
  object space 21248K, 15% used [0x000000009b600000,0x000000009b927e18,0x000000009cac0000)

